  Assembling main.asm...
main.asm(1): error A2008: syntax error : .
main.asm(2): error A2008: syntax error : .
\masm32\include\windows.inc(9750): error A2008: syntax error : dword
\masm32\include\windows.inc(10183): error A2008: syntax error : frame
\masm32\include\windows.inc(16333): error A2008: syntax error : dword
\masm32\include\windows.inc(18862): error A2008: syntax error : Frame
main.asm(53): error A2070: invalid instruction operands
main.asm(54): error A2070: invalid instruction operands
main.asm(59): error A2008: syntax error : invoke
main.asm(63): error A2008: syntax error : invoke
main.asm(67): error A2008: syntax error : invoke
main.asm(69): error A2008: syntax error : invoke
main.asm(80): error A2008: syntax error : .
main.asm(81): error A2008: syntax error : invoke
main.asm(82): error A2044: invalid character in file
main.asm(83): error A2008: syntax error : invoke
main.asm(84): error A2008: syntax error : invoke
main.asm(85): error A2008: syntax error : .
main.asm(96): error A2008: syntax error : if
main.asm(97): error A2008: syntax error : invoke
main.asm(105): error A2008: syntax error : SendMessageA
main.asm(106): error A2008: syntax error : invoke
main.asm(107): error A2008: syntax error : invoke
main.asm(109): error A2008: syntax error : invoke
main.asm(111): error A2008: syntax error : elseif
main.asm(112): error A2008: syntax error : invoke
main.asm(113): error A2044: invalid character in file
main.asm(114): error A2008: syntax error : invoke
main.asm(115): error A2008: syntax error : .
main.asm(116): error A2008: syntax error : elseif
main.asm(117): error A2008: syntax error : invoke
main.asm(119): error A2008: syntax error : if
main.asm(120): error A2008: syntax error : invoke
main.asm(122): error A2008: syntax error : invoke
main.asm(123): error A2008: syntax error : invoke
main.asm(124): error A2008: syntax error : invoke
main.asm(125): error A2008: syntax error : invoke
main.asm(126): error A2008: syntax error : .
main.asm(127): error A2008: syntax error : .
main.asm(128): error A2008: syntax error : invoke
main.asm(130): error A2008: syntax error : .
main.asm(137): error A2008: syntax error : invoke
main.asm(139): error A2008: syntax error : invoke
main.asm(140): error A2008: syntax error : ExitProcess
main.asm(141): error A2008: syntax error : invoke
main.asm(142): error A2008: syntax error : main
main.asm(142): error A2088: END directive required at end of file
main.asm(56): error A2006: undefined symbol : null
main.asm(88): warning A6004: procedure argument or local not referenced : hInst
main.asm(88): warning A6004: procedure argument or local not referenced : hPrevInst
main.asm(88): warning A6004: procedure argument or local not referenced : CmdLine
main.asm(88): warning A6004: procedure argument or local not referenced : CmdShow
main.asm(133): warning A6004: procedure argument or local not referenced : hWnd
main.asm(133): warning A6004: procedure argument or local not referenced : uMsg
main.asm(133): warning A6004: procedure argument or local not referenced : wParam
main.asm(133): warning A6004: procedure argument or local not referenced : lParam
C:\Program Files\Microsoft Visual Studio\2022\Community\MSBuild\Microsoft\VC\v170\BuildCustomizations\masm.targets(70,5): error MSB3721: The command "ml64.exe /c /nologo /Zi /Fo"x64\Debug\main.obj" /W3 /errorReport:prompt  /Tamain.asm" exited with code 1.
