  Assembling main.asm...
main.asm(1): error A2008: syntax error : .
main.asm(2): error A2008: syntax error : .
\masm32\include\windows.inc(9750): error A2008: syntax error : dword
\masm32\include\windows.inc(10183): error A2008: syntax error : frame
\masm32\include\windows.inc(16333): error A2008: syntax error : dword
\masm32\include\windows.inc(18862): error A2008: syntax error : Frame
main.asm(62): error A2070: invalid instruction operands
main.asm(63): error A2070: invalid instruction operands
main.asm(69): error A2008: syntax error : invoke
main.asm(73): error A2008: syntax error : invoke
main.asm(76): error A2008: syntax error : invoke
main.asm(78): error A2008: syntax error : CreateWindowExW
main.asm(92): error A2008: syntax error : invoke
main.asm(95): error A2008: syntax error : invoke
main.asm(98): error A2008: syntax error : .
main.asm(99): error A2008: syntax error : invoke
main.asm(100): error A2044: invalid character in file
main.asm(101): error A2008: syntax error : invoke
main.asm(102): error A2008: syntax error : invoke
main.asm(103): error A2008: syntax error : .
main.asm(112): error A2008: syntax error : IF
main.asm(113): error A2008: syntax error : invoke
main.asm(114): error A2008: syntax error : .
main.asm(115): error A2008: syntax error : invoke
main.asm(117): error A2008: syntax error : .
main.asm(122): error A2008: syntax error : invoke
main.asm(124): error A2008: syntax error : invoke
main.asm(126): error A2008: syntax error : invoke
main.asm(127): error A2008: syntax error : ExitProcess
main.asm(128): error A2008: syntax error : main
main.asm(128): error A2088: END directive required at end of file
main.asm(107): warning A6004: procedure argument or local not referenced : hPrevInst
main.asm(107): warning A6004: procedure argument or local not referenced : CmdLine
main.asm(107): warning A6004: procedure argument or local not referenced : CmdShow
main.asm(120): warning A6004: procedure argument or local not referenced : hWnd
main.asm(120): warning A6004: procedure argument or local not referenced : uMsg
main.asm(120): warning A6004: procedure argument or local not referenced : wParam
main.asm(120): warning A6004: procedure argument or local not referenced : lParam
C:\Program Files\Microsoft Visual Studio\2022\Community\MSBuild\Microsoft\VC\v170\BuildCustomizations\masm.targets(70,5): error MSB3721: The command "ml64.exe /c /nologo /Zi /Fo"x64\Debug\main.obj" /W3 /errorReport:prompt  /Tamain.asm" exited with code 1.
